<?xml version="1.0" encoding="UTF-8"?>
<testsuite name="com.cad.book.springboot.web.IndexControllerTest" tests="1" skipped="0" failures="0" errors="0" timestamp="2021-11-20T08:35:44" hostname="DESKTOP-6RDM0HN" time="0.229">
  <properties/>
  <testcase name="mainLoading" classname="com.cad.book.springboot.web.IndexControllerTest" time="0.229"/>
  <system-out><![CDATA[2021-11-20 17:35:41.759  INFO 12796 --- [    Test worker] .b.t.c.SpringBootTestContextBootstrapper : Neither @ContextConfiguration nor @ContextHierarchy found for test class [com.cad.book.springboot.web.IndexControllerTest], using SpringBootContextLoader
2021-11-20 17:35:41.759  INFO 12796 --- [    Test worker] o.s.t.c.support.AbstractContextLoader    : Could not detect default resource locations for test class [com.cad.book.springboot.web.IndexControllerTest]: no resource found for suffixes {-context.xml, Context.groovy}.
2021-11-20 17:35:41.759  INFO 12796 --- [    Test worker] t.c.s.AnnotationConfigContextLoaderUtils : Could not detect default configuration classes for test class [com.cad.book.springboot.web.IndexControllerTest]: IndexControllerTest does not declare any static, non-private, non-final, nested classes annotated with @Configuration.
2021-11-20 17:35:41.759  INFO 12796 --- [    Test worker] .b.t.c.SpringBootTestContextBootstrapper : Found @SpringBootConfiguration com.cad.book.springboot.Application for test class com.cad.book.springboot.web.IndexControllerTest
2021-11-20 17:35:41.759  INFO 12796 --- [    Test worker] .b.t.c.SpringBootTestContextBootstrapper : Loaded default TestExecutionListener class names from location [META-INF/spring.factories]: [org.springframework.security.test.context.support.WithSecurityContextTestExecutionListener, org.springframework.security.test.context.support.ReactorContextTestExecutionListener, org.springframework.boot.test.autoconfigure.restdocs.RestDocsTestExecutionListener, org.springframework.boot.test.autoconfigure.web.client.MockRestServiceServerResetTestExecutionListener, org.springframework.boot.test.autoconfigure.web.servlet.MockMvcPrintOnlyOnFailureTestExecutionListener, org.springframework.boot.test.autoconfigure.web.servlet.WebDriverTestExecutionListener, org.springframework.boot.test.mock.mockito.MockitoTestExecutionListener, org.springframework.boot.test.mock.mockito.ResetMocksTestExecutionListener, org.springframework.test.context.web.ServletTestExecutionListener, org.springframework.test.context.support.DirtiesContextBeforeModesTestExecutionListener, org.springframework.test.context.support.DependencyInjectionTestExecutionListener, org.springframework.test.context.support.DirtiesContextTestExecutionListener, org.springframework.test.context.transaction.TransactionalTestExecutionListener, org.springframework.test.context.jdbc.SqlScriptsTestExecutionListener]
2021-11-20 17:35:41.775  INFO 12796 --- [    Test worker] .b.t.c.SpringBootTestContextBootstrapper : Using TestExecutionListeners: [org.springframework.test.context.web.ServletTestExecutionListener@4250ab80, org.springframework.test.context.support.DirtiesContextBeforeModesTestExecutionListener@3e9ef351, org.springframework.boot.test.mock.mockito.MockitoTestExecutionListener@1a15f33e, org.springframework.boot.test.autoconfigure.SpringBootDependencyInjectionTestExecutionListener@370aa57e, org.springframework.test.context.support.DirtiesContextTestExecutionListener@704114b4, org.springframework.test.context.transaction.TransactionalTestExecutionListener@390c7596, org.springframework.test.context.jdbc.SqlScriptsTestExecutionListener@cb5ed8a, org.springframework.security.test.context.support.WithSecurityContextTestExecutionListener@6e768837, org.springframework.security.test.context.support.ReactorContextTestExecutionListener@166ad5f9, org.springframework.boot.test.autoconfigure.restdocs.RestDocsTestExecutionListener@4c10a267, org.springframework.boot.test.autoconfigure.web.client.MockRestServiceServerResetTestExecutionListener@6feacfd2, org.springframework.boot.test.autoconfigure.web.servlet.MockMvcPrintOnlyOnFailureTestExecutionListener@3507c528, org.springframework.boot.test.autoconfigure.web.servlet.WebDriverTestExecutionListener@75020b6c, org.springframework.boot.test.mock.mockito.ResetMocksTestExecutionListener@3cc89c31]

  .   ____          _            __ _ _
 /\\ / ___'_ __ _ _(_)_ __  __ _ \ \ \ \
( ( )\___ | '_ | '_| | '_ \/ _` | \ \ \ \
 \\/  ___)| |_)| | | | | || (_| |  ) ) ) )
  '  |____| .__|_| |_|_| |_\__, | / / / /
 =========|_|==============|___/=/_/_/_/
 :: Spring Boot ::        (v2.1.9.RELEASE)

2021-11-20 17:35:41.822  INFO 12796 --- [    Test worker] c.c.b.s.web.IndexControllerTest          : Starting IndexControllerTest on DESKTOP-6RDM0HN with PID 12796 (started by 15963 in D:\Project\springboot-posts-api)
2021-11-20 17:35:41.822  INFO 12796 --- [    Test worker] c.c.b.s.web.IndexControllerTest          : The following profiles are active: oauth
2021-11-20 17:35:42.072  INFO 12796 --- [    Test worker] .s.d.r.c.RepositoryConfigurationDelegate : Bootstrapping Spring Data repositories in DEFAULT mode.
2021-11-20 17:35:42.087  INFO 12796 --- [    Test worker] .s.d.r.c.RepositoryConfigurationDelegate : Finished Spring Data repository scanning in 15ms. Found 2 repository interfaces.
2021-11-20 17:35:42.212  INFO 12796 --- [    Test worker] trationDelegate$BeanPostProcessorChecker : Bean 'org.springframework.transaction.annotation.ProxyTransactionManagementConfiguration' of type [org.springframework.transaction.annotation.ProxyTransactionManagementConfiguration$$EnhancerBySpringCGLIB$$dd12ff1d] is not eligible for getting processed by all BeanPostProcessors (for example: not eligible for auto-proxying)
2021-11-20 17:35:42.522  INFO 12796 --- [    Test worker] o.s.b.w.embedded.tomcat.TomcatWebServer  : Tomcat initialized with port(s): 0 (http)
2021-11-20 17:35:42.570  INFO 12796 --- [    Test worker] o.apache.catalina.core.StandardService   : Starting service [Tomcat]
2021-11-20 17:35:42.570  INFO 12796 --- [    Test worker] org.apache.catalina.core.StandardEngine  : Starting Servlet engine: [Apache Tomcat/9.0.26]
2021-11-20 17:35:42.757  INFO 12796 --- [    Test worker] o.a.c.c.C.[Tomcat].[localhost].[/]       : Initializing Spring embedded WebApplicationContext
2021-11-20 17:35:42.757  INFO 12796 --- [    Test worker] o.s.web.context.ContextLoader            : Root WebApplicationContext: initialization completed in 935 ms
2021-11-20 17:35:42.994  INFO 12796 --- [    Test worker] com.zaxxer.hikari.HikariDataSource       : HikariPool-2 - Starting...
2021-11-20 17:35:42.994  INFO 12796 --- [    Test worker] com.zaxxer.hikari.HikariDataSource       : HikariPool-2 - Start completed.
2021-11-20 17:35:43.057  INFO 12796 --- [    Test worker] o.hibernate.jpa.internal.util.LogHelper  : HHH000204: Processing PersistenceUnitInfo [
	name: default
	...]
2021-11-20 17:35:43.072  INFO 12796 --- [    Test worker] org.hibernate.dialect.Dialect            : HHH000400: Using dialect: org.hibernate.dialect.MySQL5InnoDBDialect
Hibernate: drop table if exists posts
Hibernate: drop table if exists user
Hibernate: create table posts (id bigint not null auto_increment, created_date datetime, modified_date datetime, author varchar(255), content TEXT not null, title varchar(500) not null, primary key (id)) engine=InnoDB
Hibernate: create table user (id bigint not null auto_increment, created_date datetime, modified_date datetime, email varchar(255) not null, name varchar(255) not null, picture varchar(255), role varchar(255) not null, primary key (id)) engine=InnoDB
2021-11-20 17:35:43.136  INFO 12796 --- [    Test worker] o.h.t.schema.internal.SchemaCreatorImpl  : HHH000476: Executing import script 'org.hibernate.tool.schema.internal.exec.ScriptSourceInputNonExistentImpl@6c859134'
2021-11-20 17:35:43.136  INFO 12796 --- [    Test worker] j.LocalContainerEntityManagerFactoryBean : Initialized JPA EntityManagerFactory for persistence unit 'default'
2021-11-20 17:35:43.589  INFO 12796 --- [    Test worker] o.h.h.i.QueryTranslatorFactoryInitiator  : HHH000397: Using ASTQueryTranslatorFactory
2021-11-20 17:35:43.764  INFO 12796 --- [    Test worker] o.s.s.web.DefaultSecurityFilterChain     : Creating filter chain: any request, [org.springframework.security.web.context.request.async.WebAsyncManagerIntegrationFilter@10bfddf2, org.springframework.security.web.context.SecurityContextPersistenceFilter@6c828b2b, org.springframework.security.web.header.HeaderWriterFilter@4ac9905c, org.springframework.security.web.authentication.logout.LogoutFilter@1364b8d3, org.springframework.security.oauth2.client.web.OAuth2AuthorizationRequestRedirectFilter@1db58ad2, org.springframework.security.oauth2.client.web.OAuth2LoginAuthenticationFilter@2207bdc8, org.springframework.security.web.authentication.ui.DefaultLoginPageGeneratingFilter@6bc7bd53, org.springframework.security.web.authentication.ui.DefaultLogoutPageGeneratingFilter@5b612b5a, org.springframework.security.web.savedrequest.RequestCacheAwareFilter@1bf82875, org.springframework.security.web.servletapi.SecurityContextHolderAwareRequestFilter@1db50026, org.springframework.security.web.authentication.AnonymousAuthenticationFilter@6ab3c9fe, org.springframework.security.web.session.SessionManagementFilter@6d9362e9, org.springframework.security.web.access.ExceptionTranslationFilter@65d24bed, org.springframework.security.web.access.intercept.FilterSecurityInterceptor@339f115e]
2021-11-20 17:35:43.998  INFO 12796 --- [    Test worker] o.s.s.concurrent.ThreadPoolTaskExecutor  : Initializing ExecutorService 'applicationTaskExecutor'
2021-11-20 17:35:44.014  WARN 12796 --- [    Test worker] aWebConfiguration$JpaWebMvcConfiguration : spring.jpa.open-in-view is enabled by default. Therefore, database queries may be performed during view rendering. Explicitly configure spring.jpa.open-in-view to disable this warning
2021-11-20 17:35:44.045  INFO 12796 --- [    Test worker] o.s.b.a.w.s.WelcomePageHandlerMapping    : Adding welcome page template: index
2021-11-20 17:35:44.374  INFO 12796 --- [    Test worker] s.a.ScheduledAnnotationBeanPostProcessor : No TaskScheduler/ScheduledExecutorService bean found for scheduled processing
2021-11-20 17:35:44.405  INFO 12796 --- [    Test worker] o.s.b.w.embedded.tomcat.TomcatWebServer  : Tomcat started on port(s): 53972 (http) with context path ''
2021-11-20 17:35:44.405  INFO 12796 --- [    Test worker] c.c.b.s.web.IndexControllerTest          : Started IndexControllerTest in 2.63 seconds (JVM running for 12.435)
2021-11-20 17:35:44.530  INFO 12796 --- [o-auto-1-exec-1] o.a.c.c.C.[Tomcat].[localhost].[/]       : Initializing Spring DispatcherServlet 'dispatcherServlet'
2021-11-20 17:35:44.530  INFO 12796 --- [o-auto-1-exec-1] o.s.web.servlet.DispatcherServlet        : Initializing Servlet 'dispatcherServlet'
2021-11-20 17:35:44.546  INFO 12796 --- [o-auto-1-exec-1] o.s.web.servlet.DispatcherServlet        : Completed initialization in 16 ms
Hibernate: select posts0_.id as id1_0_, posts0_.created_date as created_2_0_, posts0_.modified_date as modified3_0_, posts0_.author as author4_0_, posts0_.content as content5_0_, posts0_.title as title6_0_ from posts posts0_ order by posts0_.id DESC
]]></system-out>
  <system-err><![CDATA[]]></system-err>
</testsuite>
