<?xml version="1.0" encoding="UTF-8"?>
<testsuite name="com.cad.book.springboot.web.HelloControllerTest" tests="2" skipped="0" failures="0" errors="0" timestamp="2021-11-20T08:35:41" hostname="DESKTOP-6RDM0HN" time="0.194">
  <properties/>
  <testcase name="return_helloDto" classname="com.cad.book.springboot.web.HelloControllerTest" time="0.184"/>
  <testcase name="return_hello" classname="com.cad.book.springboot.web.HelloControllerTest" time="0.01"/>
  <system-out><![CDATA[2021-11-20 17:35:40.428  INFO 12796 --- [    Test worker] .b.t.a.w.s.WebMvcTestContextBootstrapper : Neither @ContextConfiguration nor @ContextHierarchy found for test class [com.cad.book.springboot.web.HelloControllerTest], using SpringBootContextLoader
2021-11-20 17:35:40.443  INFO 12796 --- [    Test worker] o.s.t.c.support.AbstractContextLoader    : Could not detect default resource locations for test class [com.cad.book.springboot.web.HelloControllerTest]: no resource found for suffixes {-context.xml, Context.groovy}.
2021-11-20 17:35:40.443  INFO 12796 --- [    Test worker] t.c.s.AnnotationConfigContextLoaderUtils : Could not detect default configuration classes for test class [com.cad.book.springboot.web.HelloControllerTest]: HelloControllerTest does not declare any static, non-private, non-final, nested classes annotated with @Configuration.
2021-11-20 17:35:40.475  INFO 12796 --- [    Test worker] .b.t.c.SpringBootTestContextBootstrapper : Found @SpringBootConfiguration com.cad.book.springboot.Application for test class com.cad.book.springboot.web.HelloControllerTest
2021-11-20 17:35:40.475  INFO 12796 --- [    Test worker] .b.t.a.w.s.WebMvcTestContextBootstrapper : Loaded default TestExecutionListener class names from location [META-INF/spring.factories]: [org.springframework.security.test.context.support.WithSecurityContextTestExecutionListener, org.springframework.security.test.context.support.ReactorContextTestExecutionListener, org.springframework.boot.test.autoconfigure.restdocs.RestDocsTestExecutionListener, org.springframework.boot.test.autoconfigure.web.client.MockRestServiceServerResetTestExecutionListener, org.springframework.boot.test.autoconfigure.web.servlet.MockMvcPrintOnlyOnFailureTestExecutionListener, org.springframework.boot.test.autoconfigure.web.servlet.WebDriverTestExecutionListener, org.springframework.boot.test.mock.mockito.MockitoTestExecutionListener, org.springframework.boot.test.mock.mockito.ResetMocksTestExecutionListener, org.springframework.test.context.web.ServletTestExecutionListener, org.springframework.test.context.support.DirtiesContextBeforeModesTestExecutionListener, org.springframework.test.context.support.DependencyInjectionTestExecutionListener, org.springframework.test.context.support.DirtiesContextTestExecutionListener, org.springframework.test.context.transaction.TransactionalTestExecutionListener, org.springframework.test.context.jdbc.SqlScriptsTestExecutionListener]
2021-11-20 17:35:40.475  INFO 12796 --- [    Test worker] .b.t.a.w.s.WebMvcTestContextBootstrapper : Using TestExecutionListeners: [org.springframework.test.context.web.ServletTestExecutionListener@91631ea, org.springframework.test.context.support.DirtiesContextBeforeModesTestExecutionListener@57d79fdf, org.springframework.boot.test.mock.mockito.MockitoTestExecutionListener@5f075f4b, org.springframework.boot.test.autoconfigure.SpringBootDependencyInjectionTestExecutionListener@7be242ce, org.springframework.test.context.support.DirtiesContextTestExecutionListener@4343a539, org.springframework.test.context.transaction.TransactionalTestExecutionListener@2881f3e9, org.springframework.test.context.jdbc.SqlScriptsTestExecutionListener@4d190cb5, org.springframework.security.test.context.support.WithSecurityContextTestExecutionListener@2404c3ea, org.springframework.security.test.context.support.ReactorContextTestExecutionListener@7ab0d03e, org.springframework.boot.test.autoconfigure.restdocs.RestDocsTestExecutionListener@5d897a3a, org.springframework.boot.test.autoconfigure.web.client.MockRestServiceServerResetTestExecutionListener@5870a99a, org.springframework.boot.test.autoconfigure.web.servlet.MockMvcPrintOnlyOnFailureTestExecutionListener@5ae93aed, org.springframework.boot.test.autoconfigure.web.servlet.WebDriverTestExecutionListener@262420ae, org.springframework.boot.test.mock.mockito.ResetMocksTestExecutionListener@306ac6fa]

  .   ____          _            __ _ _
 /\\ / ___'_ __ _ _(_)_ __  __ _ \ \ \ \
( ( )\___ | '_ | '_| | '_ \/ _` | \ \ \ \
 \\/  ___)| |_)| | | | | || (_| |  ) ) ) )
  '  |____| .__|_| |_|_| |_\__, | / / / /
 =========|_|==============|___/=/_/_/_/
 :: Spring Boot ::        (v2.1.9.RELEASE)

2021-11-20 17:35:40.521  INFO 12796 --- [    Test worker] c.c.b.s.web.HelloControllerTest          : Starting HelloControllerTest on DESKTOP-6RDM0HN with PID 12796 (started by 15963 in D:\Project\springboot-posts-api)
2021-11-20 17:35:40.537  INFO 12796 --- [    Test worker] c.c.b.s.web.HelloControllerTest          : The following profiles are active: oauth
2021-11-20 17:35:41.055  INFO 12796 --- [    Test worker] o.s.s.concurrent.ThreadPoolTaskExecutor  : Initializing ExecutorService 'applicationTaskExecutor'
2021-11-20 17:35:41.102  INFO 12796 --- [    Test worker] o.s.b.a.w.s.WelcomePageHandlerMapping    : Adding welcome page template: index
2021-11-20 17:35:41.306  INFO 12796 --- [    Test worker] .s.s.UserDetailsServiceAutoConfiguration : 

Using generated security password: 55aa4145-1427-4709-a0ea-19c6d809597e

2021-11-20 17:35:41.447  INFO 12796 --- [    Test worker] o.s.s.web.DefaultSecurityFilterChain     : Creating filter chain: any request, [org.springframework.security.web.context.request.async.WebAsyncManagerIntegrationFilter@66cc8c2, org.springframework.security.web.context.SecurityContextPersistenceFilter@57a7fd4c, org.springframework.security.web.header.HeaderWriterFilter@42685b84, org.springframework.security.web.csrf.CsrfFilter@595ebb47, org.springframework.security.web.authentication.logout.LogoutFilter@6c6f16bb, org.springframework.security.web.authentication.UsernamePasswordAuthenticationFilter@789ab51d, org.springframework.security.web.authentication.ui.DefaultLoginPageGeneratingFilter@2269219c, org.springframework.security.web.authentication.ui.DefaultLogoutPageGeneratingFilter@7c37cdba, org.springframework.security.web.authentication.www.BasicAuthenticationFilter@5e5e5d29, org.springframework.security.web.savedrequest.RequestCacheAwareFilter@4e513244, org.springframework.security.web.servletapi.SecurityContextHolderAwareRequestFilter@4e65e471, org.springframework.security.web.authentication.AnonymousAuthenticationFilter@502c7000, org.springframework.security.web.session.SessionManagementFilter@6ec0440d, org.springframework.security.web.access.ExceptionTranslationFilter@51b90ac6, org.springframework.security.web.access.intercept.FilterSecurityInterceptor@720a56d0]
2021-11-20 17:35:41.509  INFO 12796 --- [    Test worker] o.s.b.t.m.w.SpringBootMockServletContext : Initializing Spring TestDispatcherServlet ''
2021-11-20 17:35:41.509  INFO 12796 --- [    Test worker] o.s.t.web.servlet.TestDispatcherServlet  : Initializing Servlet ''
2021-11-20 17:35:41.525  INFO 12796 --- [    Test worker] o.s.t.web.servlet.TestDispatcherServlet  : Completed initialization in 16 ms
2021-11-20 17:35:41.556  INFO 12796 --- [    Test worker] c.c.b.s.web.HelloControllerTest          : Started HelloControllerTest in 1.081 seconds (JVM running for 9.589)
]]></system-out>
  <system-err><![CDATA[]]></system-err>
</testsuite>
