<?xml version="1.0" encoding="UTF-8"?>
<testsuite name="com.cad.book.springboot.web.dto.HelloResponseDtoTest" tests="1" skipped="0" failures="0" errors="0" timestamp="2021-11-20T08:35:40" hostname="DESKTOP-6RDM0HN" time="0.002">
  <properties/>
  <testcase name="lombok_test" classname="com.cad.book.springboot.web.dto.HelloResponseDtoTest" time="0.002"/>
  <system-out><![CDATA[]]></system-out>
  <system-err><![CDATA[]]></system-err>
</testsuite>
